mode: set
github.com/kyleking/jj-diff/internal/components/destpicker/destpicker.go:18.18,24.2 1 0
github.com/kyleking/jj-diff/internal/components/destpicker/destpicker.go:26.60,28.34 2 0
github.com/kyleking/jj-diff/internal/components/destpicker/destpicker.go:28.34,30.3 1 0
github.com/kyleking/jj-diff/internal/components/destpicker/destpicker.go:33.24,35.2 1 0
github.com/kyleking/jj-diff/internal/components/destpicker/destpicker.go:37.24,39.2 1 0
github.com/kyleking/jj-diff/internal/components/destpicker/destpicker.go:41.34,43.2 1 0
github.com/kyleking/jj-diff/internal/components/destpicker/destpicker.go:45.26,46.20 1 0
github.com/kyleking/jj-diff/internal/components/destpicker/destpicker.go:46.20,48.3 1 0
github.com/kyleking/jj-diff/internal/components/destpicker/destpicker.go:51.28,52.37 1 0
github.com/kyleking/jj-diff/internal/components/destpicker/destpicker.go:52.37,54.3 1 0
github.com/kyleking/jj-diff/internal/components/destpicker/destpicker.go:57.48,58.54 1 0
github.com/kyleking/jj-diff/internal/components/destpicker/destpicker.go:58.54,60.3 1 0
github.com/kyleking/jj-diff/internal/components/destpicker/destpicker.go:61.2,61.12 1 0
github.com/kyleking/jj-diff/internal/components/destpicker/destpicker.go:64.47,65.16 1 0
github.com/kyleking/jj-diff/internal/components/destpicker/destpicker.go:65.16,67.3 1 0
github.com/kyleking/jj-diff/internal/components/destpicker/destpicker.go:69.2,70.19 2 0
github.com/kyleking/jj-diff/internal/components/destpicker/destpicker.go:70.19,72.3 1 0
github.com/kyleking/jj-diff/internal/components/destpicker/destpicker.go:73.2,73.20 1 0
github.com/kyleking/jj-diff/internal/components/destpicker/destpicker.go:73.20,75.3 1 0
github.com/kyleking/jj-diff/internal/components/destpicker/destpicker.go:77.2,78.21 2 0
github.com/kyleking/jj-diff/internal/components/destpicker/destpicker.go:78.21,80.3 1 0
github.com/kyleking/jj-diff/internal/components/destpicker/destpicker.go:81.2,81.21 1 0
github.com/kyleking/jj-diff/internal/components/destpicker/destpicker.go:81.21,83.3 1 0
github.com/kyleking/jj-diff/internal/components/destpicker/destpicker.go:85.2,92.36 6 0
github.com/kyleking/jj-diff/internal/components/destpicker/destpicker.go:92.36,94.19 2 0
github.com/kyleking/jj-diff/internal/components/destpicker/destpicker.go:94.19,96.4 1 0
github.com/kyleking/jj-diff/internal/components/destpicker/destpicker.go:97.3,98.32 2 0
github.com/kyleking/jj-diff/internal/components/destpicker/destpicker.go:98.32,101.20 3 0
github.com/kyleking/jj-diff/internal/components/destpicker/destpicker.go:101.20,103.5 1 0
github.com/kyleking/jj-diff/internal/components/destpicker/destpicker.go:107.2,107.37 1 0
github.com/kyleking/jj-diff/internal/components/destpicker/destpicker.go:107.37,112.3 4 0
github.com/kyleking/jj-diff/internal/components/destpicker/destpicker.go:114.2,119.44 4 0
github.com/kyleking/jj-diff/internal/components/destpicker/destpicker.go:122.90,124.26 2 0
github.com/kyleking/jj-diff/internal/components/destpicker/destpicker.go:124.26,126.3 1 0
github.com/kyleking/jj-diff/internal/components/destpicker/destpicker.go:128.2,130.14 2 0
github.com/kyleking/jj-diff/internal/components/destpicker/destpicker.go:130.14,132.3 1 0
github.com/kyleking/jj-diff/internal/components/destpicker/destpicker.go:134.2,134.35 1 0
github.com/kyleking/jj-diff/internal/components/destpicker/destpicker.go:137.49,144.2 2 0
github.com/kyleking/jj-diff/internal/components/destpicker/destpicker.go:146.49,152.2 2 0
github.com/kyleking/jj-diff/internal/components/destpicker/destpicker.go:154.40,159.2 1 0
github.com/kyleking/jj-diff/internal/components/destpicker/destpicker.go:161.51,162.23 1 0
github.com/kyleking/jj-diff/internal/components/destpicker/destpicker.go:162.23,164.3 1 0
github.com/kyleking/jj-diff/internal/components/destpicker/destpicker.go:165.2,165.52 1 0
github.com/kyleking/jj-diff/internal/components/destpicker/destpicker.go:168.68,185.2 4 0
github.com/kyleking/jj-diff/internal/components/diffview/diffview.go:30.18,34.2 1 0
github.com/kyleking/jj-diff/internal/components/diffview/diffview.go:36.53,39.2 2 0
github.com/kyleking/jj-diff/internal/components/diffview/diffview.go:41.83,44.2 2 0
github.com/kyleking/jj-diff/internal/components/diffview/diffview.go:46.133,51.2 4 0
github.com/kyleking/jj-diff/internal/components/diffview/diffview.go:53.102,56.2 2 0
github.com/kyleking/jj-diff/internal/components/diffview/diffview.go:58.35,59.25 1 0
github.com/kyleking/jj-diff/internal/components/diffview/diffview.go:59.25,61.3 1 0
github.com/kyleking/jj-diff/internal/components/diffview/diffview.go:63.2,66.19 3 0
github.com/kyleking/jj-diff/internal/components/diffview/diffview.go:66.19,68.3 1 0
github.com/kyleking/jj-diff/internal/components/diffview/diffview.go:69.2,69.30 1 0
github.com/kyleking/jj-diff/internal/components/diffview/diffview.go:69.30,71.3 1 0
github.com/kyleking/jj-diff/internal/components/diffview/diffview.go:73.2,73.22 1 0
github.com/kyleking/jj-diff/internal/components/diffview/diffview.go:76.42,77.25 1 0
github.com/kyleking/jj-diff/internal/components/diffview/diffview.go:77.25,79.3 1 0
github.com/kyleking/jj-diff/internal/components/diffview/diffview.go:81.2,82.42 2 0
github.com/kyleking/jj-diff/internal/components/diffview/diffview.go:82.42,85.3 2 0
github.com/kyleking/jj-diff/internal/components/diffview/diffview.go:86.2,86.14 1 0
github.com/kyleking/jj-diff/internal/components/diffview/diffview.go:89.47,90.25 1 0
github.com/kyleking/jj-diff/internal/components/diffview/diffview.go:90.25,92.3 1 0
github.com/kyleking/jj-diff/internal/components/diffview/diffview.go:94.2,100.48 5 0
github.com/kyleking/jj-diff/internal/components/diffview/diffview.go:100.48,101.53 1 0
github.com/kyleking/jj-diff/internal/components/diffview/diffview.go:101.53,105.4 3 0
github.com/kyleking/jj-diff/internal/components/diffview/diffview.go:106.3,108.41 2 0
github.com/kyleking/jj-diff/internal/components/diffview/diffview.go:108.41,109.54 1 0
github.com/kyleking/jj-diff/internal/components/diffview/diffview.go:109.54,111.5 1 0
github.com/kyleking/jj-diff/internal/components/diffview/diffview.go:112.4,112.17 1 0
github.com/kyleking/jj-diff/internal/components/diffview/diffview.go:116.2,116.26 1 0
github.com/kyleking/jj-diff/internal/components/diffview/diffview.go:116.26,118.3 1 0
github.com/kyleking/jj-diff/internal/components/diffview/diffview.go:120.2,120.34 1 0
github.com/kyleking/jj-diff/internal/components/diffview/diffview.go:123.83,125.36 2 0
github.com/kyleking/jj-diff/internal/components/diffview/diffview.go:125.36,127.3 1 0
github.com/kyleking/jj-diff/internal/components/diffview/diffview.go:127.8,127.43 1 0
github.com/kyleking/jj-diff/internal/components/diffview/diffview.go:127.43,129.3 1 0
github.com/kyleking/jj-diff/internal/components/diffview/diffview.go:129.8,131.3 1 0
github.com/kyleking/jj-diff/internal/components/diffview/diffview.go:133.2,137.36 4 0
github.com/kyleking/jj-diff/internal/components/diffview/diffview.go:137.36,139.3 1 0
github.com/kyleking/jj-diff/internal/components/diffview/diffview.go:142.2,142.42 1 0
github.com/kyleking/jj-diff/internal/components/diffview/diffview.go:142.42,144.23 2 0
github.com/kyleking/jj-diff/internal/components/diffview/diffview.go:144.23,146.4 1 0
github.com/kyleking/jj-diff/internal/components/diffview/diffview.go:150.2,156.21 5 0
github.com/kyleking/jj-diff/internal/components/diffview/diffview.go:156.21,158.3 1 0
github.com/kyleking/jj-diff/internal/components/diffview/diffview.go:158.8,158.23 1 0
github.com/kyleking/jj-diff/internal/components/diffview/diffview.go:158.23,160.3 1 0
github.com/kyleking/jj-diff/internal/components/diffview/diffview.go:160.8,160.26 1 0
github.com/kyleking/jj-diff/internal/components/diffview/diffview.go:160.26,162.3 1 0
github.com/kyleking/jj-diff/internal/components/diffview/diffview.go:164.2,168.19 3 0
github.com/kyleking/jj-diff/internal/components/diffview/diffview.go:169.25,170.44 1 0
github.com/kyleking/jj-diff/internal/components/diffview/diffview.go:171.25,172.46 1 0
github.com/kyleking/jj-diff/internal/components/diffview/diffview.go:175.2,175.21 1 0
github.com/kyleking/jj-diff/internal/components/diffview/diffview.go:175.21,177.3 1 0
github.com/kyleking/jj-diff/internal/components/diffview/diffview.go:177.8,177.26 1 0
github.com/kyleking/jj-diff/internal/components/diffview/diffview.go:177.26,179.3 1 0
github.com/kyleking/jj-diff/internal/components/diffview/diffview.go:181.2,181.53 1 0
github.com/kyleking/jj-diff/internal/components/diffview/diffview.go:184.54,185.21 1 0
github.com/kyleking/jj-diff/internal/components/diffview/diffview.go:185.21,187.3 1 0
github.com/kyleking/jj-diff/internal/components/diffview/diffview.go:188.2,190.17 3 0
github.com/kyleking/jj-diff/internal/components/diffview/diffview.go:190.17,192.3 1 0
github.com/kyleking/jj-diff/internal/components/diffview/diffview.go:193.2,193.43 1 0
github.com/kyleking/jj-diff/internal/components/diffview/diffview.go:196.78,197.23 1 0
github.com/kyleking/jj-diff/internal/components/diffview/diffview.go:197.23,199.3 1 0
github.com/kyleking/jj-diff/internal/components/diffview/diffview.go:201.2,204.32 3 0
github.com/kyleking/jj-diff/internal/components/diffview/diffview.go:204.32,206.59 1 0
github.com/kyleking/jj-diff/internal/components/diffview/diffview.go:206.59,208.4 1 0
github.com/kyleking/jj-diff/internal/components/diffview/diffview.go:211.3,211.33 1 0
github.com/kyleking/jj-diff/internal/components/diffview/diffview.go:211.33,213.29 2 0
github.com/kyleking/jj-diff/internal/components/diffview/diffview.go:213.29,215.5 1 0
github.com/kyleking/jj-diff/internal/components/diffview/diffview.go:216.4,222.20 4 0
github.com/kyleking/jj-diff/internal/components/diffview/diffview.go:227.2,227.28 1 0
github.com/kyleking/jj-diff/internal/components/diffview/diffview.go:227.28,229.3 1 0
github.com/kyleking/jj-diff/internal/components/diffview/diffview.go:231.2,231.35 1 0
github.com/kyleking/jj-diff/internal/components/diffview/diffview.go:234.49,239.2 2 0
github.com/kyleking/jj-diff/internal/components/diffview/diffview.go:241.92,243.15 2 0
github.com/kyleking/jj-diff/internal/components/diffview/diffview.go:243.15,245.3 1 0
github.com/kyleking/jj-diff/internal/components/diffview/diffview.go:247.2,248.16 2 0
github.com/kyleking/jj-diff/internal/components/diffview/diffview.go:248.16,250.3 1 0
github.com/kyleking/jj-diff/internal/components/diffview/diffview.go:252.2,257.15 3 0
github.com/kyleking/jj-diff/internal/components/diffview/diffview.go:257.15,259.3 1 0
github.com/kyleking/jj-diff/internal/components/diffview/diffview.go:261.2,261.56 1 0
github.com/kyleking/jj-diff/internal/components/diffview/diffview.go:264.53,268.2 2 0
github.com/kyleking/jj-diff/internal/components/diffview/diffview.go:270.40,274.2 1 0
github.com/kyleking/jj-diff/internal/components/diffview/diffview.go:276.40,280.2 1 0
github.com/kyleking/jj-diff/internal/components/diffview/diffview.go:282.51,284.24 2 0
github.com/kyleking/jj-diff/internal/components/diffview/diffview.go:284.24,286.3 1 0
github.com/kyleking/jj-diff/internal/components/diffview/diffview.go:287.2,287.53 1 0
github.com/kyleking/jj-diff/internal/components/diffview/diffview.go:290.55,292.26 2 0
github.com/kyleking/jj-diff/internal/components/diffview/diffview.go:292.26,294.3 1 0
github.com/kyleking/jj-diff/internal/components/diffview/diffview.go:295.2,295.34 1 0
github.com/kyleking/jj-diff/cmd/jj-diff/main.go:26.25,40.22 12 0
github.com/kyleking/jj-diff/cmd/jj-diff/main.go:40.22,50.3 9 0
github.com/kyleking/jj-diff/cmd/jj-diff/main.go:52.2,53.10 2 0
github.com/kyleking/jj-diff/cmd/jj-diff/main.go:56.13,59.15 2 0
github.com/kyleking/jj-diff/cmd/jj-diff/main.go:59.15,62.3 2 0
github.com/kyleking/jj-diff/cmd/jj-diff/main.go:64.2,65.16 2 0
github.com/kyleking/jj-diff/cmd/jj-diff/main.go:65.16,67.3 1 0
github.com/kyleking/jj-diff/cmd/jj-diff/main.go:69.2,71.48 2 0
github.com/kyleking/jj-diff/cmd/jj-diff/main.go:71.48,73.3 1 0
github.com/kyleking/jj-diff/cmd/jj-diff/main.go:75.2,79.22 3 0
github.com/kyleking/jj-diff/cmd/jj-diff/main.go:79.22,81.3 1 0
github.com/kyleking/jj-diff/cmd/jj-diff/main.go:83.2,84.19 2 0
github.com/kyleking/jj-diff/cmd/jj-diff/main.go:84.19,86.3 1 0
github.com/kyleking/jj-diff/cmd/jj-diff/main.go:88.2,89.16 2 0
github.com/kyleking/jj-diff/cmd/jj-diff/main.go:89.16,91.3 1 0
github.com/kyleking/jj-diff/cmd/jj-diff/main.go:93.2,94.35 2 0
github.com/kyleking/jj-diff/cmd/jj-diff/main.go:94.35,96.3 1 0
github.com/kyleking/jj-diff/internal/components/statusbar/statusbar.go:13.18,15.2 1 0
github.com/kyleking/jj-diff/internal/components/statusbar/statusbar.go:17.96,20.18 2 0
github.com/kyleking/jj-diff/internal/components/statusbar/statusbar.go:20.18,22.3 1 0
github.com/kyleking/jj-diff/internal/components/statusbar/statusbar.go:22.8,24.3 1 0
github.com/kyleking/jj-diff/internal/components/statusbar/statusbar.go:25.2,27.23 2 0
github.com/kyleking/jj-diff/internal/components/statusbar/statusbar.go:27.23,29.3 1 0
github.com/kyleking/jj-diff/internal/components/statusbar/statusbar.go:31.2,40.52 4 0
github.com/kyleking/jj-diff/internal/components/statusbar/statusbar.go:43.51,44.23 1 0
github.com/kyleking/jj-diff/internal/components/statusbar/statusbar.go:44.23,46.3 1 0
github.com/kyleking/jj-diff/internal/components/statusbar/statusbar.go:47.2,47.52 1 0
github.com/kyleking/jj-diff/internal/components/help/help.go:15.18,19.2 1 0
github.com/kyleking/jj-diff/internal/components/help/help.go:21.35,24.2 2 0
github.com/kyleking/jj-diff/internal/components/help/help.go:26.24,28.2 1 0
github.com/kyleking/jj-diff/internal/components/help/help.go:30.34,32.2 1 0
github.com/kyleking/jj-diff/internal/components/help/help.go:34.47,35.16 1 0
github.com/kyleking/jj-diff/internal/components/help/help.go:35.16,37.3 1 0
github.com/kyleking/jj-diff/internal/components/help/help.go:39.2,40.27 2 0
github.com/kyleking/jj-diff/internal/components/help/help.go:40.27,42.3 1 0
github.com/kyleking/jj-diff/internal/components/help/help.go:44.2,59.29 14 0
github.com/kyleking/jj-diff/internal/components/help/help.go:59.29,67.3 7 0
github.com/kyleking/jj-diff/internal/components/help/help.go:68.2,72.29 4 0
github.com/kyleking/jj-diff/internal/components/help/help.go:72.29,82.3 9 0
github.com/kyleking/jj-diff/internal/components/help/help.go:84.2,88.44 3 0
github.com/kyleking/jj-diff/internal/components/help/help.go:91.49,98.2 2 0
github.com/kyleking/jj-diff/internal/components/help/help.go:100.50,106.2 2 0
github.com/kyleking/jj-diff/internal/components/help/help.go:108.49,114.2 2 0
github.com/kyleking/jj-diff/internal/components/help/help.go:116.60,130.31 7 0
github.com/kyleking/jj-diff/internal/components/help/help.go:130.31,132.3 1 0
github.com/kyleking/jj-diff/internal/components/help/help.go:134.2,134.40 1 0
github.com/kyleking/jj-diff/internal/components/help/help.go:137.46,142.2 2 0
github.com/kyleking/jj-diff/internal/components/help/help.go:144.46,145.24 1 0
github.com/kyleking/jj-diff/internal/components/help/help.go:145.24,147.3 1 0
github.com/kyleking/jj-diff/internal/components/help/help.go:148.2,148.52 1 0
github.com/kyleking/jj-diff/internal/components/help/help.go:151.68,168.2 4 0
github.com/kyleking/jj-diff/internal/jj/client.go:23.40,25.2 1 0
github.com/kyleking/jj-diff/internal/jj/client.go:27.41,29.34 2 0
github.com/kyleking/jj-diff/internal/jj/client.go:29.34,31.3 1 0
github.com/kyleking/jj-diff/internal/jj/client.go:32.2,32.12 1 0
github.com/kyleking/jj-diff/internal/jj/client.go:35.56,40.16 4 0
github.com/kyleking/jj-diff/internal/jj/client.go:40.16,42.3 1 0
github.com/kyleking/jj-diff/internal/jj/client.go:44.2,44.28 1 0
github.com/kyleking/jj-diff/internal/jj/client.go:47.49,52.16 4 0
github.com/kyleking/jj-diff/internal/jj/client.go:52.16,54.3 1 0
github.com/kyleking/jj-diff/internal/jj/client.go:56.2,56.41 1 0
github.com/kyleking/jj-diff/internal/jj/client.go:59.71,64.16 4 0
github.com/kyleking/jj-diff/internal/jj/client.go:64.16,66.3 1 0
github.com/kyleking/jj-diff/internal/jj/client.go:68.2,68.47 1 0
github.com/kyleking/jj-diff/internal/jj/client.go:71.31,76.16 4 0
github.com/kyleking/jj-diff/internal/jj/client.go:76.16,78.3 1 0
github.com/kyleking/jj-diff/internal/jj/client.go:80.2,80.12 1 0
github.com/kyleking/jj-diff/internal/jj/client.go:83.71,85.16 2 0
github.com/kyleking/jj-diff/internal/jj/client.go:85.16,87.3 1 0
github.com/kyleking/jj-diff/internal/jj/client.go:88.2,91.69 3 0
github.com/kyleking/jj-diff/internal/jj/client.go:91.69,93.3 1 0
github.com/kyleking/jj-diff/internal/jj/client.go:95.2,95.55 1 0
github.com/kyleking/jj-diff/internal/jj/client.go:98.76,100.16 2 0
github.com/kyleking/jj-diff/internal/jj/client.go:100.16,102.3 1 0
github.com/kyleking/jj-diff/internal/jj/client.go:104.2,104.15 1 0
github.com/kyleking/jj-diff/internal/jj/client.go:104.15,106.3 1 0
github.com/kyleking/jj-diff/internal/jj/client.go:108.2,108.72 1 0
github.com/kyleking/jj-diff/internal/jj/client.go:108.72,110.3 1 0
github.com/kyleking/jj-diff/internal/jj/client.go:113.2,113.73 1 0
github.com/kyleking/jj-diff/internal/jj/client.go:113.73,116.3 2 0
github.com/kyleking/jj-diff/internal/jj/client.go:118.2,120.53 3 0
github.com/kyleking/jj-diff/internal/jj/client.go:120.53,123.3 2 0
github.com/kyleking/jj-diff/internal/jj/client.go:125.2,125.72 1 0
github.com/kyleking/jj-diff/internal/jj/client.go:125.72,128.3 2 0
github.com/kyleking/jj-diff/internal/jj/client.go:130.2,130.12 1 0
github.com/kyleking/jj-diff/internal/jj/client.go:133.58,135.16 2 0
github.com/kyleking/jj-diff/internal/jj/client.go:135.16,137.3 1 0
github.com/kyleking/jj-diff/internal/jj/client.go:138.2,138.39 1 0
github.com/kyleking/jj-diff/internal/jj/client.go:141.60,144.2 2 0
github.com/kyleking/jj-diff/internal/jj/client.go:146.67,147.16 1 0
github.com/kyleking/jj-diff/internal/jj/client.go:147.16,149.3 1 0
github.com/kyleking/jj-diff/internal/jj/client.go:151.2,163.16 5 0
github.com/kyleking/jj-diff/internal/jj/client.go:163.16,165.3 1 0
github.com/kyleking/jj-diff/internal/jj/client.go:167.2,167.50 1 0
github.com/kyleking/jj-diff/internal/jj/client.go:189.38,190.12 1 0
github.com/kyleking/jj-diff/internal/jj/client.go:191.26,192.13 1 0
github.com/kyleking/jj-diff/internal/jj/client.go:193.23,194.13 1 0
github.com/kyleking/jj-diff/internal/jj/client.go:195.25,196.13 1 0
github.com/kyleking/jj-diff/internal/jj/client.go:197.25,198.13 1 0
github.com/kyleking/jj-diff/internal/jj/client.go:199.10,200.13 1 0
github.com/kyleking/jj-diff/internal/jj/client.go:211.46,215.29 3 0
github.com/kyleking/jj-diff/internal/jj/client.go:215.29,217.104 2 0
github.com/kyleking/jj-diff/internal/jj/client.go:217.104,218.12 1 0
github.com/kyleking/jj-diff/internal/jj/client.go:221.3,222.21 2 0
github.com/kyleking/jj-diff/internal/jj/client.go:222.21,223.12 1 0
github.com/kyleking/jj-diff/internal/jj/client.go:226.3,230.17 4 0
github.com/kyleking/jj-diff/internal/jj/client.go:231.12,232.35 1 0
github.com/kyleking/jj-diff/internal/jj/client.go:233.12,234.32 1 0
github.com/kyleking/jj-diff/internal/jj/client.go:235.12,236.34 1 0
github.com/kyleking/jj-diff/internal/jj/client.go:237.12,238.34 1 0
github.com/kyleking/jj-diff/internal/jj/client.go:239.11,240.12 1 0
github.com/kyleking/jj-diff/internal/jj/client.go:243.3,246.5 1 0
github.com/kyleking/jj-diff/internal/jj/client.go:249.2,249.14 1 0
github.com/kyleking/jj-diff/internal/jj/client.go:252.53,256.29 3 0
github.com/kyleking/jj-diff/internal/jj/client.go:256.29,258.44 2 0
github.com/kyleking/jj-diff/internal/jj/client.go:258.44,260.4 1 0
github.com/kyleking/jj-diff/internal/jj/client.go:260.9,260.48 1 0
github.com/kyleking/jj-diff/internal/jj/client.go:260.48,262.4 1 0
github.com/kyleking/jj-diff/internal/jj/client.go:262.9,262.46 1 0
github.com/kyleking/jj-diff/internal/jj/client.go:262.46,264.4 1 0
github.com/kyleking/jj-diff/internal/jj/client.go:264.9,264.82 1 0
github.com/kyleking/jj-diff/internal/jj/client.go:264.82,266.4 1 0
github.com/kyleking/jj-diff/internal/jj/client.go:269.2,269.13 1 0
github.com/kyleking/jj-diff/internal/jj/client.go:272.58,276.37 3 0
github.com/kyleking/jj-diff/internal/jj/client.go:276.37,277.24 1 0
github.com/kyleking/jj-diff/internal/jj/client.go:277.24,278.9 1 0
github.com/kyleking/jj-diff/internal/jj/client.go:281.3,285.25 4 0
github.com/kyleking/jj-diff/internal/jj/client.go:285.25,286.12 1 0
github.com/kyleking/jj-diff/internal/jj/client.go:289.3,289.21 1 0
github.com/kyleking/jj-diff/internal/jj/client.go:289.21,290.12 1 0
github.com/kyleking/jj-diff/internal/jj/client.go:293.3,296.5 1 0
github.com/kyleking/jj-diff/internal/jj/client.go:299.2,299.16 1 0
github.com/kyleking/jj-diff/internal/jj/client.go:302.60,311.16 7 0
github.com/kyleking/jj-diff/internal/jj/client.go:311.16,313.3 1 0
github.com/kyleking/jj-diff/internal/jj/client.go:315.2,315.29 1 0
github.com/kyleking/jj-diff/internal/components/searchmodal/searchmodal.go:18.18,22.2 1 0
github.com/kyleking/jj-diff/internal/components/searchmodal/searchmodal.go:24.24,29.2 4 0
github.com/kyleking/jj-diff/internal/components/searchmodal/searchmodal.go:31.24,33.2 1 0
github.com/kyleking/jj-diff/internal/components/searchmodal/searchmodal.go:35.33,37.2 1 0
github.com/kyleking/jj-diff/internal/components/searchmodal/searchmodal.go:39.40,41.2 1 0
github.com/kyleking/jj-diff/internal/components/searchmodal/searchmodal.go:43.59,46.2 2 0
github.com/kyleking/jj-diff/internal/components/searchmodal/searchmodal.go:48.47,49.16 1 0
github.com/kyleking/jj-diff/internal/components/searchmodal/searchmodal.go:49.16,51.3 1 0
github.com/kyleking/jj-diff/internal/components/searchmodal/searchmodal.go:53.2,54.26 2 0
github.com/kyleking/jj-diff/internal/components/searchmodal/searchmodal.go:54.26,56.3 1 0
github.com/kyleking/jj-diff/internal/components/searchmodal/searchmodal.go:58.2,72.23 9 0
github.com/kyleking/jj-diff/internal/components/searchmodal/searchmodal.go:72.23,73.20 1 0
github.com/kyleking/jj-diff/internal/components/searchmodal/searchmodal.go:73.20,75.4 1 0
github.com/kyleking/jj-diff/internal/components/searchmodal/searchmodal.go:75.9,77.4 1 0
github.com/kyleking/jj-diff/internal/components/searchmodal/searchmodal.go:78.8,80.3 1 0
github.com/kyleking/jj-diff/internal/components/searchmodal/searchmodal.go:81.2,90.44 6 0
github.com/kyleking/jj-diff/internal/components/searchmodal/searchmodal.go:93.48,100.2 2 0
github.com/kyleking/jj-diff/internal/components/searchmodal/searchmodal.go:102.48,107.2 2 0
github.com/kyleking/jj-diff/internal/components/searchmodal/searchmodal.go:109.49,116.2 2 0
github.com/kyleking/jj-diff/internal/components/searchmodal/searchmodal.go:118.49,124.2 2 0
github.com/kyleking/jj-diff/internal/components/searchmodal/searchmodal.go:126.60,145.2 4 0
github.com/kyleking/jj-diff/internal/theme/styles.go:35.13,38.2 2 0
github.com/kyleking/jj-diff/internal/theme/styles.go:41.26,99.2 21 0
github.com/kyleking/jj-diff/internal/theme/styles.go:102.64,108.13 2 0
github.com/kyleking/jj-diff/internal/theme/styles.go:108.13,110.3 1 0
github.com/kyleking/jj-diff/internal/theme/styles.go:111.2,111.40 1 0
github.com/kyleking/jj-diff/internal/theme/theme.go:25.20,38.2 1 0
github.com/kyleking/jj-diff/internal/theme/theme.go:41.24,54.2 1 0
github.com/kyleking/jj-diff/internal/theme/theme.go:57.21,58.53 1 0
github.com/kyleking/jj-diff/internal/theme/theme.go:58.53,59.31 1 0
github.com/kyleking/jj-diff/internal/theme/theme.go:60.25,61.18 1 0
github.com/kyleking/jj-diff/internal/theme/theme.go:62.28,63.22 1 0
github.com/kyleking/jj-diff/internal/theme/theme.go:67.2,67.34 1 0
github.com/kyleking/jj-diff/internal/theme/theme.go:67.34,69.3 1 0
github.com/kyleking/jj-diff/internal/theme/theme.go:70.2,70.16 1 0
github.com/kyleking/jj-diff/internal/components/filelist/filelist.go:24.18,29.2 1 0
github.com/kyleking/jj-diff/internal/components/filelist/filelist.go:31.51,33.2 1 0
github.com/kyleking/jj-diff/internal/components/filelist/filelist.go:35.38,37.2 1 0
github.com/kyleking/jj-diff/internal/components/filelist/filelist.go:39.93,42.2 2 0
github.com/kyleking/jj-diff/internal/components/filelist/filelist.go:44.61,45.23 1 0
github.com/kyleking/jj-diff/internal/components/filelist/filelist.go:45.23,47.3 1 0
github.com/kyleking/jj-diff/internal/components/filelist/filelist.go:49.2,52.31 3 0
github.com/kyleking/jj-diff/internal/components/filelist/filelist.go:52.31,55.20 3 0
github.com/kyleking/jj-diff/internal/components/filelist/filelist.go:55.20,57.4 1 0
github.com/kyleking/jj-diff/internal/components/filelist/filelist.go:57.9,59.4 1 0
github.com/kyleking/jj-diff/internal/components/filelist/filelist.go:60.3,62.27 2 0
github.com/kyleking/jj-diff/internal/components/filelist/filelist.go:62.27,63.9 1 0
github.com/kyleking/jj-diff/internal/components/filelist/filelist.go:67.2,67.26 1 0
github.com/kyleking/jj-diff/internal/components/filelist/filelist.go:67.26,69.3 1 0
github.com/kyleking/jj-diff/internal/components/filelist/filelist.go:71.2,71.34 1 0
github.com/kyleking/jj-diff/internal/components/filelist/filelist.go:74.84,79.14 3 0
github.com/kyleking/jj-diff/internal/components/filelist/filelist.go:79.14,80.14 1 0
github.com/kyleking/jj-diff/internal/components/filelist/filelist.go:80.14,82.4 1 0
github.com/kyleking/jj-diff/internal/components/filelist/filelist.go:83.3,83.29 1 0
github.com/kyleking/jj-diff/internal/components/filelist/filelist.go:86.2,86.26 1 0
github.com/kyleking/jj-diff/internal/components/filelist/filelist.go:89.108,95.42 4 0
github.com/kyleking/jj-diff/internal/components/filelist/filelist.go:95.42,97.3 1 0
github.com/kyleking/jj-diff/internal/components/filelist/filelist.go:100.2,100.23 1 0
github.com/kyleking/jj-diff/internal/components/filelist/filelist.go:100.23,102.15 2 0
github.com/kyleking/jj-diff/internal/components/filelist/filelist.go:102.15,103.15 1 0
github.com/kyleking/jj-diff/internal/components/filelist/filelist.go:103.15,105.5 1 0
github.com/kyleking/jj-diff/internal/components/filelist/filelist.go:106.4,106.30 1 0
github.com/kyleking/jj-diff/internal/components/filelist/filelist.go:108.3,108.27 1 0
github.com/kyleking/jj-diff/internal/components/filelist/filelist.go:112.2,115.32 3 0
github.com/kyleking/jj-diff/internal/components/filelist/filelist.go:115.32,121.30 3 0
github.com/kyleking/jj-diff/internal/components/filelist/filelist.go:121.30,123.4 1 0
github.com/kyleking/jj-diff/internal/components/filelist/filelist.go:126.3,133.24 4 0
github.com/kyleking/jj-diff/internal/components/filelist/filelist.go:137.2,137.30 1 0
github.com/kyleking/jj-diff/internal/components/filelist/filelist.go:137.30,139.3 1 0
github.com/kyleking/jj-diff/internal/components/filelist/filelist.go:141.2,143.14 2 0
github.com/kyleking/jj-diff/internal/components/filelist/filelist.go:143.14,144.14 1 0
github.com/kyleking/jj-diff/internal/components/filelist/filelist.go:144.14,146.4 1 0
github.com/kyleking/jj-diff/internal/components/filelist/filelist.go:147.3,147.29 1 0
github.com/kyleking/jj-diff/internal/components/filelist/filelist.go:150.2,150.13 1 0
github.com/kyleking/jj-diff/internal/components/filelist/filelist.go:153.49,158.2 2 0
github.com/kyleking/jj-diff/internal/components/filelist/filelist.go:160.47,165.2 1 0
github.com/kyleking/jj-diff/internal/components/filelist/filelist.go:167.40,171.2 1 0
github.com/kyleking/jj-diff/internal/components/filelist/filelist.go:173.38,175.2 1 0
github.com/kyleking/jj-diff/internal/components/filelist/filelist.go:177.51,178.23 1 0
github.com/kyleking/jj-diff/internal/components/filelist/filelist.go:178.23,180.3 1 0
github.com/kyleking/jj-diff/internal/components/filelist/filelist.go:181.2,181.52 1 0
github.com/kyleking/jj-diff/internal/components/filelist/filelist.go:184.55,186.26 2 0
github.com/kyleking/jj-diff/internal/components/filelist/filelist.go:186.26,188.3 1 0
github.com/kyleking/jj-diff/internal/components/filelist/filelist.go:189.2,189.34 1 0
github.com/kyleking/jj-diff/internal/diff/parser.go:24.38,25.12 1 0
github.com/kyleking/jj-diff/internal/diff/parser.go:26.26,27.13 1 0
github.com/kyleking/jj-diff/internal/diff/parser.go:28.23,29.13 1 0
github.com/kyleking/jj-diff/internal/diff/parser.go:30.25,31.13 1 0
github.com/kyleking/jj-diff/internal/diff/parser.go:32.25,33.13 1 0
github.com/kyleking/jj-diff/internal/diff/parser.go:34.10,35.13 1 0
github.com/kyleking/jj-diff/internal/diff/parser.go:63.36,64.12 1 1
github.com/kyleking/jj-diff/internal/diff/parser.go:65.19,66.13 1 1
github.com/kyleking/jj-diff/internal/diff/parser.go:67.20,68.13 1 1
github.com/kyleking/jj-diff/internal/diff/parser.go:69.20,70.13 1 1
github.com/kyleking/jj-diff/internal/diff/parser.go:71.10,72.13 1 0
github.com/kyleking/jj-diff/internal/diff/parser.go:81.42,82.20 1 1
github.com/kyleking/jj-diff/internal/diff/parser.go:82.20,84.3 1 1
github.com/kyleking/jj-diff/internal/diff/parser.go:86.2,89.35 3 1
github.com/kyleking/jj-diff/internal/diff/parser.go:89.35,90.39 1 1
github.com/kyleking/jj-diff/internal/diff/parser.go:90.39,91.12 1 1
github.com/kyleking/jj-diff/internal/diff/parser.go:94.3,96.18 3 1
github.com/kyleking/jj-diff/internal/diff/parser.go:96.18,98.4 1 1
github.com/kyleking/jj-diff/internal/diff/parser.go:101.2,101.14 1 1
github.com/kyleking/jj-diff/internal/diff/parser.go:104.50,106.21 2 1
github.com/kyleking/jj-diff/internal/diff/parser.go:106.21,108.3 1 0
github.com/kyleking/jj-diff/internal/diff/parser.go:110.2,113.20 3 1
github.com/kyleking/jj-diff/internal/diff/parser.go:113.20,115.3 1 0
github.com/kyleking/jj-diff/internal/diff/parser.go:116.2,124.34 6 1
github.com/kyleking/jj-diff/internal/diff/parser.go:124.34,127.36 2 1
github.com/kyleking/jj-diff/internal/diff/parser.go:127.36,128.26 1 1
github.com/kyleking/jj-diff/internal/diff/parser.go:128.26,130.5 1 0
github.com/kyleking/jj-diff/internal/diff/parser.go:132.4,133.26 2 1
github.com/kyleking/jj-diff/internal/diff/parser.go:133.26,136.5 2 1
github.com/kyleking/jj-diff/internal/diff/parser.go:137.4,137.12 1 1
github.com/kyleking/jj-diff/internal/diff/parser.go:140.3,140.25 1 1
github.com/kyleking/jj-diff/internal/diff/parser.go:140.25,141.12 1 1
github.com/kyleking/jj-diff/internal/diff/parser.go:144.3,146.44 1 1
github.com/kyleking/jj-diff/internal/diff/parser.go:146.44,147.12 1 0
github.com/kyleking/jj-diff/internal/diff/parser.go:150.3,150.21 1 1
github.com/kyleking/jj-diff/internal/diff/parser.go:150.21,151.12 1 1
github.com/kyleking/jj-diff/internal/diff/parser.go:154.3,157.35 3 1
github.com/kyleking/jj-diff/internal/diff/parser.go:157.35,160.4 2 1
github.com/kyleking/jj-diff/internal/diff/parser.go:160.9,160.42 1 1
github.com/kyleking/jj-diff/internal/diff/parser.go:160.42,163.4 2 1
github.com/kyleking/jj-diff/internal/diff/parser.go:163.9,163.42 1 1
github.com/kyleking/jj-diff/internal/diff/parser.go:163.42,166.4 2 1
github.com/kyleking/jj-diff/internal/diff/parser.go:168.3,177.19 3 1
github.com/kyleking/jj-diff/internal/diff/parser.go:178.20,180.16 2 1
github.com/kyleking/jj-diff/internal/diff/parser.go:181.21,182.16 1 1
github.com/kyleking/jj-diff/internal/diff/parser.go:183.21,184.16 1 1
github.com/kyleking/jj-diff/internal/diff/parser.go:188.2,188.24 1 1
github.com/kyleking/jj-diff/internal/diff/parser.go:188.24,190.3 1 1
github.com/kyleking/jj-diff/internal/diff/parser.go:192.2,192.13 1 1
github.com/kyleking/jj-diff/internal/diff/parser.go:195.43,197.20 2 1
github.com/kyleking/jj-diff/internal/diff/parser.go:197.20,199.3 1 0
github.com/kyleking/jj-diff/internal/diff/parser.go:201.2,203.20 3 1
github.com/kyleking/jj-diff/internal/diff/parser.go:203.20,205.3 1 1
github.com/kyleking/jj-diff/internal/diff/parser.go:207.2,209.20 3 1
github.com/kyleking/jj-diff/internal/diff/parser.go:209.20,211.3 1 1
github.com/kyleking/jj-diff/internal/diff/parser.go:213.2,220.3 1 1
github.com/kyleking/jj-diff/internal/diff/parser.go:223.53,224.48 1 1
github.com/kyleking/jj-diff/internal/diff/parser.go:224.48,226.3 1 1
github.com/kyleking/jj-diff/internal/diff/parser.go:227.2,227.52 1 1
github.com/kyleking/jj-diff/internal/diff/parser.go:227.52,229.3 1 1
github.com/kyleking/jj-diff/internal/diff/parser.go:230.2,230.46 1 1
github.com/kyleking/jj-diff/internal/diff/parser.go:230.46,232.3 1 0
github.com/kyleking/jj-diff/internal/diff/parser.go:233.2,233.27 1 1
github.com/kyleking/jj-diff/internal/diff/parser.go:236.40,238.32 2 1
github.com/kyleking/jj-diff/internal/diff/parser.go:238.32,240.3 1 1
github.com/kyleking/jj-diff/internal/diff/parser.go:241.2,241.14 1 1
github.com/kyleking/jj-diff/internal/diff/parser.go:244.40,246.32 2 1
github.com/kyleking/jj-diff/internal/diff/parser.go:246.32,247.35 1 1
github.com/kyleking/jj-diff/internal/diff/parser.go:247.35,248.33 1 1
github.com/kyleking/jj-diff/internal/diff/parser.go:248.33,250.5 1 1
github.com/kyleking/jj-diff/internal/diff/parser.go:253.2,253.14 1 1
github.com/kyleking/jj-diff/internal/diff/parser.go:256.42,258.32 2 1
github.com/kyleking/jj-diff/internal/diff/parser.go:258.32,259.35 1 1
github.com/kyleking/jj-diff/internal/diff/parser.go:259.35,260.33 1 1
github.com/kyleking/jj-diff/internal/diff/parser.go:260.33,262.5 1 1
github.com/kyleking/jj-diff/internal/diff/parser.go:265.2,265.14 1 1
github.com/kyleking/jj-diff/internal/diff/patch.go:15.73,18.29 2 1
github.com/kyleking/jj-diff/internal/diff/patch.go:18.29,21.41 2 1
github.com/kyleking/jj-diff/internal/diff/patch.go:21.41,22.52 1 1
github.com/kyleking/jj-diff/internal/diff/patch.go:22.52,25.5 1 1
github.com/kyleking/jj-diff/internal/diff/patch.go:25.10,25.64 1 1
github.com/kyleking/jj-diff/internal/diff/patch.go:25.64,28.26 2 0
github.com/kyleking/jj-diff/internal/diff/patch.go:28.26,30.6 1 0
github.com/kyleking/jj-diff/internal/diff/patch.go:34.3,34.26 1 1
github.com/kyleking/jj-diff/internal/diff/patch.go:34.26,35.12 1 1
github.com/kyleking/jj-diff/internal/diff/patch.go:39.3,41.26 2 1
github.com/kyleking/jj-diff/internal/diff/patch.go:42.24,45.59 3 1
github.com/kyleking/jj-diff/internal/diff/patch.go:46.26,49.40 3 1
github.com/kyleking/jj-diff/internal/diff/patch.go:50.11,52.59 2 1
github.com/kyleking/jj-diff/internal/diff/patch.go:56.3,56.37 1 1
github.com/kyleking/jj-diff/internal/diff/patch.go:56.37,58.4 1 1
github.com/kyleking/jj-diff/internal/diff/patch.go:61.2,61.23 1 1
github.com/kyleking/jj-diff/internal/diff/patch.go:64.40,69.34 4 1
github.com/kyleking/jj-diff/internal/diff/patch.go:69.34,73.3 3 1
github.com/kyleking/jj-diff/internal/diff/patch.go:75.2,75.21 1 1
github.com/kyleking/jj-diff/internal/diff/patch.go:78.98,81.34 2 0
github.com/kyleking/jj-diff/internal/diff/patch.go:81.34,82.59 1 0
github.com/kyleking/jj-diff/internal/diff/patch.go:82.59,84.4 1 0
github.com/kyleking/jj-diff/internal/diff/patch.go:87.2,87.29 1 0
github.com/kyleking/jj-diff/internal/diff/patch.go:87.29,89.3 1 0
github.com/kyleking/jj-diff/internal/diff/patch.go:92.2,97.40 4 0
github.com/kyleking/jj-diff/internal/diff/patch.go:97.40,98.33 1 0
github.com/kyleking/jj-diff/internal/diff/patch.go:98.33,100.4 1 0
github.com/kyleking/jj-diff/internal/diff/patch.go:103.2,103.21 1 0
github.com/kyleking/jj-diff/internal/diff/patch.go:103.21,105.3 1 0
github.com/kyleking/jj-diff/internal/diff/patch.go:108.2,114.29 5 0
github.com/kyleking/jj-diff/internal/diff/patch.go:114.29,118.3 3 0
github.com/kyleking/jj-diff/internal/diff/patch.go:120.2,120.21 1 0
github.com/kyleking/jj-diff/internal/diff/patch.go:123.90,126.28 2 0
github.com/kyleking/jj-diff/internal/diff/patch.go:126.28,131.45 2 0
github.com/kyleking/jj-diff/internal/diff/patch.go:131.45,132.14 1 0
github.com/kyleking/jj-diff/internal/diff/patch.go:132.14,134.5 1 0
github.com/kyleking/jj-diff/internal/diff/patch.go:138.3,138.48 1 0
github.com/kyleking/jj-diff/internal/diff/patch.go:138.48,139.22 1 0
github.com/kyleking/jj-diff/internal/diff/patch.go:139.22,141.5 1 0
github.com/kyleking/jj-diff/internal/diff/patch.go:145.2,145.17 1 0
github.com/kyleking/jj-diff/internal/diff/patch.go:148.57,149.29 1 0
github.com/kyleking/jj-diff/internal/diff/patch.go:149.29,151.3 1 0
github.com/kyleking/jj-diff/internal/diff/patch.go:154.2,159.37 5 0
github.com/kyleking/jj-diff/internal/diff/patch.go:159.37,160.16 1 0
github.com/kyleking/jj-diff/internal/diff/patch.go:160.16,164.4 3 0
github.com/kyleking/jj-diff/internal/diff/patch.go:166.3,166.20 1 0
github.com/kyleking/jj-diff/internal/diff/patch.go:167.20,169.14 2 0
github.com/kyleking/jj-diff/internal/diff/patch.go:170.21,171.14 1 0
github.com/kyleking/jj-diff/internal/diff/patch.go:172.21,173.14 1 0
github.com/kyleking/jj-diff/internal/diff/patch.go:177.2,177.83 1 0
github.com/kyleking/jj-diff/internal/diff/patch.go:183.28,186.29 2 1
github.com/kyleking/jj-diff/internal/diff/patch.go:186.29,188.35 2 1
github.com/kyleking/jj-diff/internal/diff/patch.go:188.35,189.57 1 1
github.com/kyleking/jj-diff/internal/diff/patch.go:189.57,191.5 1 1
github.com/kyleking/jj-diff/internal/diff/patch.go:194.3,194.25 1 1
github.com/kyleking/jj-diff/internal/diff/patch.go:194.25,196.4 1 1
github.com/kyleking/jj-diff/internal/diff/patch.go:199.2,199.15 1 1
github.com/kyleking/jj-diff/internal/model/model.go:45.42,49.2 1 1
github.com/kyleking/jj-diff/internal/model/model.go:51.76,52.48 1 1
github.com/kyleking/jj-diff/internal/model/model.go:52.48,53.60 1 1
github.com/kyleking/jj-diff/internal/model/model.go:53.60,55.4 1 1
github.com/kyleking/jj-diff/internal/model/model.go:57.2,57.14 1 1
github.com/kyleking/jj-diff/internal/model/model.go:60.85,61.48 1 1
github.com/kyleking/jj-diff/internal/model/model.go:61.48,62.60 1 1
github.com/kyleking/jj-diff/internal/model/model.go:62.60,63.31 1 1
github.com/kyleking/jj-diff/internal/model/model.go:63.31,65.5 1 1
github.com/kyleking/jj-diff/internal/model/model.go:66.4,66.47 1 1
github.com/kyleking/jj-diff/internal/model/model.go:69.2,69.14 1 0
github.com/kyleking/jj-diff/internal/model/model.go:72.67,73.37 1 1
github.com/kyleking/jj-diff/internal/model/model.go:73.37,77.3 1 1
github.com/kyleking/jj-diff/internal/model/model.go:79.2,80.48 2 1
github.com/kyleking/jj-diff/internal/model/model.go:80.48,84.3 1 1
github.com/kyleking/jj-diff/internal/model/model.go:86.2,88.29 3 1
github.com/kyleking/jj-diff/internal/model/model.go:88.29,90.3 1 1
github.com/kyleking/jj-diff/internal/model/model.go:93.76,94.37 1 1
github.com/kyleking/jj-diff/internal/model/model.go:94.37,98.3 1 1
github.com/kyleking/jj-diff/internal/model/model.go:100.2,101.48 2 1
github.com/kyleking/jj-diff/internal/model/model.go:101.48,105.3 1 1
github.com/kyleking/jj-diff/internal/model/model.go:107.2,108.29 2 1
github.com/kyleking/jj-diff/internal/model/model.go:108.29,110.3 1 1
github.com/kyleking/jj-diff/internal/model/model.go:112.2,112.78 1 1
github.com/kyleking/jj-diff/internal/model/model.go:115.92,116.25 1 0
github.com/kyleking/jj-diff/internal/model/model.go:116.25,118.3 1 0
github.com/kyleking/jj-diff/internal/model/model.go:120.2,120.37 1 0
github.com/kyleking/jj-diff/internal/model/model.go:120.37,124.3 1 0
github.com/kyleking/jj-diff/internal/model/model.go:126.2,127.48 2 0
github.com/kyleking/jj-diff/internal/model/model.go:127.48,131.3 1 0
github.com/kyleking/jj-diff/internal/model/model.go:133.2,136.40 3 0
github.com/kyleking/jj-diff/internal/model/model.go:136.40,138.3 1 0
github.com/kyleking/jj-diff/internal/model/model.go:141.81,142.48 1 0
github.com/kyleking/jj-diff/internal/model/model.go:142.48,143.60 1 0
github.com/kyleking/jj-diff/internal/model/model.go:143.60,145.4 1 0
github.com/kyleking/jj-diff/internal/model/model.go:147.2,147.14 1 0
github.com/kyleking/jj-diff/internal/model/model.go:199.97,222.2 9 1
github.com/kyleking/jj-diff/internal/model/model.go:224.31,226.2 1 0
github.com/kyleking/jj-diff/internal/model/model.go:228.35,229.24 1 1
github.com/kyleking/jj-diff/internal/model/model.go:229.24,231.17 2 0
github.com/kyleking/jj-diff/internal/model/model.go:231.17,233.4 1 0
github.com/kyleking/jj-diff/internal/model/model.go:235.3,236.32 2 0
github.com/kyleking/jj-diff/internal/model/model.go:240.40,241.24 1 0
github.com/kyleking/jj-diff/internal/model/model.go:241.24,243.17 2 0
github.com/kyleking/jj-diff/internal/model/model.go:243.17,245.4 1 0
github.com/kyleking/jj-diff/internal/model/model.go:247.3,247.39 1 0
github.com/kyleking/jj-diff/internal/model/model.go:251.57,252.27 1 1
github.com/kyleking/jj-diff/internal/model/model.go:253.18,254.31 1 1
github.com/kyleking/jj-diff/internal/model/model.go:256.25,259.16 3 1
github.com/kyleking/jj-diff/internal/model/model.go:261.21,264.25 3 1
github.com/kyleking/jj-diff/internal/model/model.go:264.25,266.4 1 1
github.com/kyleking/jj-diff/internal/model/model.go:267.3,267.16 1 1
github.com/kyleking/jj-diff/internal/model/model.go:269.14,271.16 2 1
github.com/kyleking/jj-diff/internal/model/model.go:273.26,276.16 3 0
github.com/kyleking/jj-diff/internal/model/model.go:278.30,281.25 3 1
github.com/kyleking/jj-diff/internal/model/model.go:284.2,284.15 1 0
github.com/kyleking/jj-diff/internal/model/model.go:287.68,288.24 1 1
github.com/kyleking/jj-diff/internal/model/model.go:288.24,289.23 1 1
github.com/kyleking/jj-diff/internal/model/model.go:290.24,291.17 1 1
github.com/kyleking/jj-diff/internal/model/model.go:293.3,293.16 1 1
github.com/kyleking/jj-diff/internal/model/model.go:296.2,296.30 1 1
github.com/kyleking/jj-diff/internal/model/model.go:296.30,298.3 1 0
github.com/kyleking/jj-diff/internal/model/model.go:300.2,300.31 1 1
github.com/kyleking/jj-diff/internal/model/model.go:300.31,302.3 1 0
github.com/kyleking/jj-diff/internal/model/model.go:304.2,304.22 1 1
github.com/kyleking/jj-diff/internal/model/model.go:305.21,306.21 1 0
github.com/kyleking/jj-diff/internal/model/model.go:308.11,310.32 2 1
github.com/kyleking/jj-diff/internal/model/model.go:310.32,312.4 1 0
github.com/kyleking/jj-diff/internal/model/model.go:313.3,314.16 2 1
github.com/kyleking/jj-diff/internal/model/model.go:316.11,317.32 1 1
github.com/kyleking/jj-diff/internal/model/model.go:317.32,319.4 1 0
github.com/kyleking/jj-diff/internal/model/model.go:320.3,320.16 1 1
github.com/kyleking/jj-diff/internal/model/model.go:322.11,323.29 1 0
github.com/kyleking/jj-diff/internal/model/model.go:325.11,326.67 1 0
github.com/kyleking/jj-diff/internal/model/model.go:326.67,327.62 1 0
github.com/kyleking/jj-diff/internal/model/model.go:327.62,329.64 2 0
github.com/kyleking/jj-diff/internal/model/model.go:329.64,332.6 2 0
github.com/kyleking/jj-diff/internal/model/model.go:335.3,335.16 1 0
github.com/kyleking/jj-diff/internal/model/model.go:337.13,338.21 1 0
github.com/kyleking/jj-diff/internal/model/model.go:338.21,342.4 3 0
github.com/kyleking/jj-diff/internal/model/model.go:343.3,343.16 1 0
github.com/kyleking/jj-diff/internal/model/model.go:345.13,346.38 1 1
github.com/kyleking/jj-diff/internal/model/model.go:346.38,348.4 1 1
github.com/kyleking/jj-diff/internal/model/model.go:348.9,350.4 1 1
github.com/kyleking/jj-diff/internal/model/model.go:351.3,351.16 1 1
github.com/kyleking/jj-diff/internal/model/model.go:353.19,354.21 1 1
github.com/kyleking/jj-diff/internal/model/model.go:354.21,356.4 1 0
github.com/kyleking/jj-diff/internal/model/model.go:357.3,357.31 1 1
github.com/kyleking/jj-diff/internal/model/model.go:359.17,360.21 1 1
github.com/kyleking/jj-diff/internal/model/model.go:360.21,362.4 1 0
github.com/kyleking/jj-diff/internal/model/model.go:363.3,363.32 1 1
github.com/kyleking/jj-diff/internal/model/model.go:365.11,369.25 4 1
github.com/kyleking/jj-diff/internal/model/model.go:369.25,371.4 1 1
github.com/kyleking/jj-diff/internal/model/model.go:372.3,372.16 1 1
github.com/kyleking/jj-diff/internal/model/model.go:374.11,378.25 4 1
github.com/kyleking/jj-diff/internal/model/model.go:378.25,380.4 1 1
github.com/kyleking/jj-diff/internal/model/model.go:381.3,381.16 1 1
github.com/kyleking/jj-diff/internal/model/model.go:383.11,384.25 1 0
github.com/kyleking/jj-diff/internal/model/model.go:386.11,387.67 1 1
github.com/kyleking/jj-diff/internal/model/model.go:387.67,388.62 1 1
github.com/kyleking/jj-diff/internal/model/model.go:388.62,390.64 2 1
github.com/kyleking/jj-diff/internal/model/model.go:390.64,391.24 1 1
github.com/kyleking/jj-diff/internal/model/model.go:391.24,394.7 2 0
github.com/kyleking/jj-diff/internal/model/model.go:394.12,396.7 1 1
github.com/kyleking/jj-diff/internal/model/model.go:400.3,400.16 1 1
github.com/kyleking/jj-diff/internal/model/model.go:402.11,403.87 1 1
github.com/kyleking/jj-diff/internal/model/model.go:403.87,405.4 1 0
github.com/kyleking/jj-diff/internal/model/model.go:406.3,406.96 1 1
github.com/kyleking/jj-diff/internal/model/model.go:406.96,408.42 2 1
github.com/kyleking/jj-diff/internal/model/model.go:408.42,410.5 1 1
github.com/kyleking/jj-diff/internal/model/model.go:412.3,412.16 1 1
github.com/kyleking/jj-diff/internal/model/model.go:414.11,415.87 1 0
github.com/kyleking/jj-diff/internal/model/model.go:415.87,417.4 1 0
github.com/kyleking/jj-diff/internal/model/model.go:418.3,418.16 1 0
github.com/kyleking/jj-diff/internal/model/model.go:420.11,421.38 1 1
github.com/kyleking/jj-diff/internal/model/model.go:421.38,422.26 1 1
github.com/kyleking/jj-diff/internal/model/model.go:422.26,424.5 1 1
github.com/kyleking/jj-diff/internal/model/model.go:426.3,426.16 1 1
github.com/kyleking/jj-diff/internal/model/model.go:428.11,429.55 1 1
github.com/kyleking/jj-diff/internal/model/model.go:429.55,431.4 1 1
github.com/kyleking/jj-diff/internal/model/model.go:432.3,432.16 1 0
github.com/kyleking/jj-diff/internal/model/model.go:435.2,435.15 1 0
github.com/kyleking/jj-diff/internal/model/model.go:438.41,439.24 1 1
github.com/kyleking/jj-diff/internal/model/model.go:439.24,442.34 2 0
github.com/kyleking/jj-diff/internal/model/model.go:442.34,443.36 1 0
github.com/kyleking/jj-diff/internal/model/model.go:443.36,445.58 1 0
github.com/kyleking/jj-diff/internal/model/model.go:445.58,447.11 2 0
github.com/kyleking/jj-diff/internal/model/model.go:450.4,450.20 1 0
github.com/kyleking/jj-diff/internal/model/model.go:450.20,451.10 1 0
github.com/kyleking/jj-diff/internal/model/model.go:455.3,455.20 1 0
github.com/kyleking/jj-diff/internal/model/model.go:455.20,457.4 1 0
github.com/kyleking/jj-diff/internal/model/model.go:459.3,462.17 3 0
github.com/kyleking/jj-diff/internal/model/model.go:462.17,464.4 1 0
github.com/kyleking/jj-diff/internal/model/model.go:466.3,466.22 1 0
github.com/kyleking/jj-diff/internal/model/model.go:470.78,471.22 1 0
github.com/kyleking/jj-diff/internal/model/model.go:472.28,474.16 2 0
github.com/kyleking/jj-diff/internal/model/model.go:476.19,478.16 2 0
github.com/kyleking/jj-diff/internal/model/model.go:480.17,482.16 2 0
github.com/kyleking/jj-diff/internal/model/model.go:484.15,485.62 1 0
github.com/kyleking/jj-diff/internal/model/model.go:485.62,486.29 1 0
github.com/kyleking/jj-diff/internal/model/model.go:486.29,488.5 1 0
github.com/kyleking/jj-diff/internal/model/model.go:490.3,490.16 1 0
github.com/kyleking/jj-diff/internal/model/model.go:493.2,493.15 1 0
github.com/kyleking/jj-diff/internal/model/model.go:496.65,497.37 1 1
github.com/kyleking/jj-diff/internal/model/model.go:497.37,499.45 2 1
github.com/kyleking/jj-diff/internal/model/model.go:499.45,504.4 4 1
github.com/kyleking/jj-diff/internal/model/model.go:505.8,507.3 1 0
github.com/kyleking/jj-diff/internal/model/model.go:509.2,509.15 1 1
github.com/kyleking/jj-diff/internal/model/model.go:512.71,513.60 1 0
github.com/kyleking/jj-diff/internal/model/model.go:513.60,515.3 1 0
github.com/kyleking/jj-diff/internal/model/model.go:516.2,517.61 2 0
github.com/kyleking/jj-diff/internal/model/model.go:517.61,519.3 1 0
github.com/kyleking/jj-diff/internal/model/model.go:521.2,524.51 3 0
github.com/kyleking/jj-diff/internal/model/model.go:524.51,526.3 1 0
github.com/kyleking/jj-diff/internal/model/model.go:528.2,528.15 1 0
github.com/kyleking/jj-diff/internal/model/model.go:531.41,532.60 1 0
github.com/kyleking/jj-diff/internal/model/model.go:532.60,534.3 1 0
github.com/kyleking/jj-diff/internal/model/model.go:535.2,536.61 2 0
github.com/kyleking/jj-diff/internal/model/model.go:536.61,538.3 1 0
github.com/kyleking/jj-diff/internal/model/model.go:540.2,543.76 3 0
github.com/kyleking/jj-diff/internal/model/model.go:546.55,555.2 3 0
github.com/kyleking/jj-diff/internal/model/model.go:557.74,558.22 1 0
github.com/kyleking/jj-diff/internal/model/model.go:559.13,560.27 1 0
github.com/kyleking/jj-diff/internal/model/model.go:560.27,565.4 4 0
github.com/kyleking/jj-diff/internal/model/model.go:566.3,568.16 3 0
github.com/kyleking/jj-diff/internal/model/model.go:570.15,572.16 2 0
github.com/kyleking/jj-diff/internal/model/model.go:574.24,575.29 1 0
github.com/kyleking/jj-diff/internal/model/model.go:577.22,578.29 1 0
github.com/kyleking/jj-diff/internal/model/model.go:580.19,581.35 1 0
github.com/kyleking/jj-diff/internal/model/model.go:581.35,585.4 3 0
github.com/kyleking/jj-diff/internal/model/model.go:586.3,586.16 1 0
github.com/kyleking/jj-diff/internal/model/model.go:588.10,589.29 1 0
github.com/kyleking/jj-diff/internal/model/model.go:589.29,593.4 3 0
github.com/kyleking/jj-diff/internal/model/model.go:594.3,594.16 1 0
github.com/kyleking/jj-diff/internal/model/model.go:598.53,603.60 4 0
github.com/kyleking/jj-diff/internal/model/model.go:603.60,605.25 2 0
github.com/kyleking/jj-diff/internal/model/model.go:605.25,607.4 1 0
github.com/kyleking/jj-diff/internal/model/model.go:608.3,610.61 3 0
github.com/kyleking/jj-diff/internal/model/model.go:610.61,612.4 1 0
github.com/kyleking/jj-diff/internal/model/model.go:615.2,615.15 1 0
github.com/kyleking/jj-diff/internal/model/model.go:618.55,619.54 1 0
github.com/kyleking/jj-diff/internal/model/model.go:619.54,622.25 3 0
github.com/kyleking/jj-diff/internal/model/model.go:622.25,624.4 1 0
github.com/kyleking/jj-diff/internal/model/model.go:625.3,627.61 3 0
github.com/kyleking/jj-diff/internal/model/model.go:627.61,629.4 1 0
github.com/kyleking/jj-diff/internal/model/model.go:631.2,631.15 1 0
github.com/kyleking/jj-diff/internal/model/model.go:634.55,635.54 1 0
github.com/kyleking/jj-diff/internal/model/model.go:635.54,638.25 3 0
github.com/kyleking/jj-diff/internal/model/model.go:638.25,640.4 1 0
github.com/kyleking/jj-diff/internal/model/model.go:641.3,643.61 3 0
github.com/kyleking/jj-diff/internal/model/model.go:643.61,645.4 1 0
github.com/kyleking/jj-diff/internal/model/model.go:647.2,647.15 1 0
github.com/kyleking/jj-diff/internal/model/model.go:650.70,651.53 1 0
github.com/kyleking/jj-diff/internal/model/model.go:651.53,653.3 1 0
github.com/kyleking/jj-diff/internal/model/model.go:655.2,656.46 2 0
github.com/kyleking/jj-diff/internal/model/model.go:656.46,658.54 1 0
github.com/kyleking/jj-diff/internal/model/model.go:658.54,663.4 1 0
github.com/kyleking/jj-diff/internal/model/model.go:665.2,665.15 1 0
github.com/kyleking/jj-diff/internal/model/model.go:668.99,669.53 1 0
github.com/kyleking/jj-diff/internal/model/model.go:669.53,671.3 1 0
github.com/kyleking/jj-diff/internal/model/model.go:673.2,674.46 2 0
github.com/kyleking/jj-diff/internal/model/model.go:674.46,676.89 1 0
github.com/kyleking/jj-diff/internal/model/model.go:676.89,681.4 1 0
github.com/kyleking/jj-diff/internal/model/model.go:683.2,683.15 1 0
github.com/kyleking/jj-diff/internal/model/model.go:686.30,687.18 1 0
github.com/kyleking/jj-diff/internal/model/model.go:687.18,689.3 1 0
github.com/kyleking/jj-diff/internal/model/model.go:691.2,691.25 1 0
github.com/kyleking/jj-diff/internal/model/model.go:691.25,693.3 1 0
github.com/kyleking/jj-diff/internal/model/model.go:695.2,700.31 5 0
github.com/kyleking/jj-diff/internal/model/model.go:700.31,702.3 1 0
github.com/kyleking/jj-diff/internal/model/model.go:704.2,704.89 1 0
github.com/kyleking/jj-diff/internal/model/model.go:704.89,706.66 2 0
github.com/kyleking/jj-diff/internal/model/model.go:706.66,708.4 1 0
github.com/kyleking/jj-diff/internal/model/model.go:709.3,713.36 1 0
github.com/kyleking/jj-diff/internal/model/model.go:713.36,715.5 1 0
github.com/kyleking/jj-diff/internal/model/model.go:720.2,720.52 1 0
github.com/kyleking/jj-diff/internal/model/model.go:720.52,721.75 1 0
github.com/kyleking/jj-diff/internal/model/model.go:721.75,723.4 1 0
github.com/kyleking/jj-diff/internal/model/model.go:725.3,725.61 1 0
github.com/kyleking/jj-diff/internal/model/model.go:725.61,727.85 2 0
github.com/kyleking/jj-diff/internal/model/model.go:727.85,729.5 1 0
github.com/kyleking/jj-diff/internal/model/model.go:731.8,734.3 2 0
github.com/kyleking/jj-diff/internal/model/model.go:736.2,742.24 5 0
github.com/kyleking/jj-diff/internal/model/model.go:742.24,744.3 1 0
github.com/kyleking/jj-diff/internal/model/model.go:746.2,746.30 1 0
github.com/kyleking/jj-diff/internal/model/model.go:746.30,748.3 1 0
github.com/kyleking/jj-diff/internal/model/model.go:750.2,750.31 1 0
github.com/kyleking/jj-diff/internal/model/model.go:750.31,752.3 1 0
github.com/kyleking/jj-diff/internal/model/model.go:754.2,754.17 1 0
github.com/kyleking/jj-diff/internal/model/testhelpers.go:12.59,18.16 4 1
github.com/kyleking/jj-diff/internal/model/testhelpers.go:18.16,20.3 1 0
github.com/kyleking/jj-diff/internal/model/testhelpers.go:22.2,22.10 1 1
github.com/kyleking/jj-diff/internal/model/testhelpers.go:26.61,29.24 3 1
github.com/kyleking/jj-diff/internal/model/testhelpers.go:29.24,31.3 1 1
github.com/kyleking/jj-diff/internal/model/testhelpers.go:32.2,32.10 1 1
github.com/kyleking/jj-diff/internal/model/testhelpers.go:36.51,39.2 2 1
github.com/kyleking/jj-diff/internal/model/testhelpers.go:42.36,44.2 1 1
github.com/kyleking/jj-diff/internal/model/testhelpers.go:47.49,49.2 1 1
github.com/kyleking/jj-diff/internal/model/testhelpers.go:52.55,56.2 3 1
github.com/kyleking/jj-diff/internal/model/testhelpers.go:59.62,64.16 4 0
github.com/kyleking/jj-diff/internal/model/testhelpers.go:64.16,66.23 2 0
github.com/kyleking/jj-diff/internal/model/testhelpers.go:66.23,69.4 2 0
github.com/kyleking/jj-diff/internal/model/testhelpers.go:72.2,72.10 1 0
github.com/kyleking/jj-diff/internal/model/testhelpers.go:82.52,85.2 2 1
github.com/kyleking/jj-diff/internal/model/testhelpers.go:87.67,89.29 2 1
github.com/kyleking/jj-diff/internal/model/testhelpers.go:89.29,91.3 1 0
github.com/kyleking/jj-diff/internal/model/testhelpers.go:92.2,92.10 1 1
github.com/kyleking/jj-diff/internal/model/testhelpers.go:95.67,97.29 2 1
github.com/kyleking/jj-diff/internal/model/testhelpers.go:97.29,99.3 1 0
github.com/kyleking/jj-diff/internal/model/testhelpers.go:100.2,100.10 1 1
github.com/kyleking/jj-diff/internal/model/testhelpers.go:103.88,105.54 2 1
github.com/kyleking/jj-diff/internal/model/testhelpers.go:105.54,107.3 1 0
github.com/kyleking/jj-diff/internal/model/testhelpers.go:108.2,108.10 1 1
github.com/kyleking/jj-diff/internal/model/testhelpers.go:111.91,113.53 2 1
github.com/kyleking/jj-diff/internal/model/testhelpers.go:113.53,115.3 1 0
github.com/kyleking/jj-diff/internal/model/testhelpers.go:116.2,116.10 1 1
github.com/kyleking/jj-diff/internal/model/testhelpers.go:119.77,121.31 2 1
github.com/kyleking/jj-diff/internal/model/testhelpers.go:121.31,123.3 1 0
github.com/kyleking/jj-diff/internal/model/testhelpers.go:124.2,124.10 1 1
github.com/kyleking/jj-diff/internal/model/testhelpers.go:127.69,129.22 2 1
github.com/kyleking/jj-diff/internal/model/testhelpers.go:129.22,131.3 1 0
github.com/kyleking/jj-diff/internal/model/testhelpers.go:132.2,132.10 1 1
github.com/kyleking/jj-diff/internal/model/testhelpers.go:135.70,137.29 2 1
github.com/kyleking/jj-diff/internal/model/testhelpers.go:137.29,139.3 1 0
github.com/kyleking/jj-diff/internal/model/testhelpers.go:140.2,140.10 1 1
github.com/kyleking/jj-diff/internal/model/testhelpers.go:143.53,145.20 2 1
github.com/kyleking/jj-diff/internal/model/testhelpers.go:145.20,147.3 1 0
github.com/kyleking/jj-diff/internal/model/testhelpers.go:148.2,148.10 1 1
github.com/kyleking/jj-diff/internal/model/testhelpers.go:151.55,153.20 2 1
github.com/kyleking/jj-diff/internal/model/testhelpers.go:153.20,155.3 1 0
github.com/kyleking/jj-diff/internal/model/testhelpers.go:156.2,156.10 1 1
github.com/kyleking/jj-diff/internal/model/testhelpers.go:159.64,161.31 2 1
github.com/kyleking/jj-diff/internal/model/testhelpers.go:161.31,163.3 1 0
github.com/kyleking/jj-diff/internal/model/testhelpers.go:164.2,164.10 1 1
github.com/kyleking/jj-diff/internal/model/testhelpers.go:168.38,226.2 1 1
github.com/kyleking/jj-diff/internal/search/search.go:35.36,43.2 1 0
github.com/kyleking/jj-diff/internal/search/search.go:45.62,47.2 1 0
github.com/kyleking/jj-diff/internal/search/search.go:49.62,51.2 1 0
github.com/kyleking/jj-diff/internal/search/search.go:53.62,57.19 3 0
github.com/kyleking/jj-diff/internal/search/search.go:57.19,59.3 1 0
github.com/kyleking/jj-diff/internal/search/search.go:61.2,62.24 2 0
github.com/kyleking/jj-diff/internal/search/search.go:62.24,64.3 1 0
github.com/kyleking/jj-diff/internal/search/search.go:66.2,66.35 1 0
github.com/kyleking/jj-diff/internal/search/search.go:66.35,69.25 2 0
github.com/kyleking/jj-diff/internal/search/search.go:69.25,71.4 1 0
github.com/kyleking/jj-diff/internal/search/search.go:72.3,72.55 1 0
github.com/kyleking/jj-diff/internal/search/search.go:72.55,82.4 1 0
github.com/kyleking/jj-diff/internal/search/search.go:85.3,85.41 1 0
github.com/kyleking/jj-diff/internal/search/search.go:85.41,86.42 1 0
github.com/kyleking/jj-diff/internal/search/search.go:86.42,89.27 3 0
github.com/kyleking/jj-diff/internal/search/search.go:89.27,91.6 1 0
github.com/kyleking/jj-diff/internal/search/search.go:93.5,94.9 2 0
github.com/kyleking/jj-diff/internal/search/search.go:94.9,96.19 2 0
github.com/kyleking/jj-diff/internal/search/search.go:96.19,97.12 1 0
github.com/kyleking/jj-diff/internal/search/search.go:99.6,111.27 3 0
github.com/kyleking/jj-diff/internal/search/search.go:117.2,117.24 1 0
github.com/kyleking/jj-diff/internal/search/search.go:117.24,119.3 1 0
github.com/kyleking/jj-diff/internal/search/search.go:122.50,123.25 1 0
github.com/kyleking/jj-diff/internal/search/search.go:123.25,125.3 1 0
github.com/kyleking/jj-diff/internal/search/search.go:127.2,128.33 2 0
github.com/kyleking/jj-diff/internal/search/search.go:131.50,132.25 1 0
github.com/kyleking/jj-diff/internal/search/search.go:132.25,134.3 1 0
github.com/kyleking/jj-diff/internal/search/search.go:136.2,137.22 2 0
github.com/kyleking/jj-diff/internal/search/search.go:137.22,139.3 1 0
github.com/kyleking/jj-diff/internal/search/search.go:140.2,140.33 1 0
github.com/kyleking/jj-diff/internal/search/search.go:143.56,144.56 1 0
github.com/kyleking/jj-diff/internal/search/search.go:144.56,146.3 1 0
github.com/kyleking/jj-diff/internal/search/search.go:147.2,147.12 1 0
github.com/kyleking/jj-diff/internal/search/search.go:150.40,152.2 1 0
github.com/kyleking/jj-diff/internal/search/search.go:154.71,155.34 1 0
github.com/kyleking/jj-diff/internal/search/search.go:155.34,156.87 1 0
github.com/kyleking/jj-diff/internal/search/search.go:156.87,158.4 1 0
github.com/kyleking/jj-diff/internal/search/search.go:160.2,160.14 1 0
github.com/kyleking/jj-diff/internal/search/search.go:163.74,164.56 1 0
github.com/kyleking/jj-diff/internal/search/search.go:164.56,166.3 1 0
github.com/kyleking/jj-diff/internal/search/search.go:167.2,168.89 2 0
github.com/kyleking/jj-diff/internal/search/search.go:171.88,173.34 2 0
github.com/kyleking/jj-diff/internal/search/search.go:173.34,174.87 1 0
github.com/kyleking/jj-diff/internal/search/search.go:174.87,176.4 1 0
github.com/kyleking/jj-diff/internal/search/search.go:178.2,178.16 1 0
github.com/kyleking/jj-diff/tests/integration/testhelpers.go:19.42,23.16 3 1
github.com/kyleking/jj-diff/tests/integration/testhelpers.go:23.16,25.3 1 0
github.com/kyleking/jj-diff/tests/integration/testhelpers.go:28.2,29.34 2 1
github.com/kyleking/jj-diff/tests/integration/testhelpers.go:29.34,32.3 2 0
github.com/kyleking/jj-diff/tests/integration/testhelpers.go:35.2,40.78 3 1
github.com/kyleking/jj-diff/tests/integration/testhelpers.go:40.78,43.3 2 0
github.com/kyleking/jj-diff/tests/integration/testhelpers.go:45.2,48.19 1 1
github.com/kyleking/jj-diff/tests/integration/testhelpers.go:48.19,50.4 1 1
github.com/kyleking/jj-diff/tests/integration/testhelpers.go:53.2,54.13 2 1
github.com/kyleking/jj-diff/tests/integration/testhelpers.go:58.52,62.66 3 1
github.com/kyleking/jj-diff/tests/integration/testhelpers.go:62.66,64.3 1 0
github.com/kyleking/jj-diff/tests/integration/testhelpers.go:66.2,66.70 1 1
github.com/kyleking/jj-diff/tests/integration/testhelpers.go:66.70,68.3 1 0
github.com/kyleking/jj-diff/tests/integration/testhelpers.go:72.49,76.16 4 0
github.com/kyleking/jj-diff/tests/integration/testhelpers.go:76.16,78.3 1 0
github.com/kyleking/jj-diff/tests/integration/testhelpers.go:79.2,79.24 1 0
github.com/kyleking/jj-diff/tests/integration/testhelpers.go:83.43,88.34 4 1
github.com/kyleking/jj-diff/tests/integration/testhelpers.go:88.34,90.3 1 0
github.com/kyleking/jj-diff/tests/integration/testhelpers.go:94.56,100.2 5 1
github.com/kyleking/jj-diff/tests/integration/testhelpers.go:103.51,106.16 3 1
github.com/kyleking/jj-diff/tests/integration/testhelpers.go:106.16,108.3 1 0
github.com/kyleking/jj-diff/tests/integration/testhelpers.go:109.2,109.15 1 1
github.com/kyleking/jj-diff/tests/integration/testhelpers.go:113.52,116.2 2 1
github.com/kyleking/jj-diff/tests/integration/testhelpers.go:119.56,123.2 3 1
github.com/kyleking/jj-diff/tests/integration/testhelpers.go:126.61,129.24 3 0
github.com/kyleking/jj-diff/tests/integration/testhelpers.go:129.24,131.3 1 0
github.com/kyleking/jj-diff/tests/integration/testhelpers.go:135.66,138.39 3 1
github.com/kyleking/jj-diff/tests/integration/testhelpers.go:138.39,140.3 1 0
github.com/kyleking/jj-diff/tests/integration/testhelpers.go:144.71,147.40 3 0
github.com/kyleking/jj-diff/tests/integration/testhelpers.go:147.40,149.3 1 0
github.com/kyleking/jj-diff/tests/integration/testhelpers.go:153.53,156.35 3 0
github.com/kyleking/jj-diff/tests/integration/testhelpers.go:156.35,158.3 1 0
